<?xml version="1.0" encoding="UTF-8"?>
<testsuite xmlns:xsi="http://www.w3.org/2001/XMLSchema-instance" xsi:noNamespaceSchemaLocation="https://maven.apache.org/surefire/maven-surefire-plugin/xsd/surefire-test-report-3.0.xsd" version="3.0" name="edu.uob.GameEngineTest" time="0.135" tests="14" errors="0" skipped="0" failures="0">
  <properties>
[...]
</properties>
  <testcase name="testGotoCommand" classname="edu.uob.GameEngineTest" time="0.001"/>
  <testcase name="testInventoryCommand" classname="edu.uob.GameEngineTest" time="0.001">
    <system-out><![CDATA[Removing entity: axe from location: cabin
Entity axe successfully removed
]]></system-out>
  </testcase>
  <testcase name="testMultiplePlayersInSameLocation" classname="edu.uob.GameEngineTest" time="0.001"/>
  <testcase name="testAttackDecreasesHealth" classname="edu.uob.GameEngineTest" time="0.001"/>
  <testcase name="testLookCommand" classname="edu.uob.GameEngineTest" time="0"/>
  <testcase name="testInitialHealthIsThree" classname="edu.uob.GameEngineTest" time="0"/>
  <testcase name="testAlternativeTriggerWords" classname="edu.uob.GameEngineTest" time="0.001">
    <system-out><![CDATA[Removing entity: axe from location: cabin
Entity axe successfully removed
Processing normalized command: 'cut tree axe'
Special tree cutting trigger match
Matched trigger for action: You chopped down the tree with your axe!
Consuming item: tree
Applying special tree consumption logic
SPECIAL TREE REMOVAL: direct removal from furniture collection
Marked tree for removal
Removed all trees
Tree consumption complete
Producing item: log
]]></system-out>
  </testcase>
  <testcase name="testDropCommand" classname="edu.uob.GameEngineTest" time="0.002">
    <system-out><![CDATA[Removing entity: axe from location: cabin
Entity axe successfully removed
]]></system-out>
  </testcase>
  <testcase name="testDrinkPotionIncreasesHealth" classname="edu.uob.GameEngineTest" time="0.001">
    <system-out><![CDATA[Removing entity: potion from location: cabin
Entity potion successfully removed
]]></system-out>
  </testcase>
  <testcase name="testCustomActionWithoutRequiredItems" classname="edu.uob.GameEngineTest" time="0.001">
    <system-out><![CDATA[Processing normalized command: 'chop tree'
Special tree cutting trigger match
Matched trigger for action: You chopped down the tree with your axe!
Missing required subject: axe
]]></system-out>
  </testcase>
  <testcase name="testDieWhenHealthZero" classname="edu.uob.GameEngineTest" time="0.001"/>
  <testcase name="testGetCommand" classname="edu.uob.GameEngineTest" time="0">
    <system-out><![CDATA[Removing entity: axe from location: cabin
Entity axe successfully removed
]]></system-out>
  </testcase>
  <testcase name="testCustomActionExecution" classname="edu.uob.GameEngineTest" time="0.115">
    <system-out><![CDATA[Removing entity: axe from location: cabin
Entity axe successfully removed
Debug: Player got axe
Debug: Player moved to forest
Debug - Before chopping, look result: You are at forest now.
A dense, dark forest with tall trees
There is a tree here - A tall oak tree
There is a key here - A rusty old key
Exits: cave, cabin

Processing normalized command: 'chop tree axe'
Special tree cutting trigger match
Matched trigger for action: You chopped down the tree with your axe!
Consuming item: tree
Applying special tree consumption logic
SPECIAL TREE REMOVAL: direct removal from furniture collection
Marked tree for removal
Removed all trees
Tree consumption complete
Producing item: log
Debug - Chop command result: You chopped down the tree with your axe!
Debug - After chopping, look result: You are at forest now.
A dense, dark forest with tall trees
There is a key here - A rusty old key
There is a log here - A wooden log
Exits: cave, cabin

]]></system-out>
  </testcase>
  <testcase name="testCommandFormat" classname="edu.uob.GameEngineTest" time="0.001"/>
</testsuite>