<?xml version="1.0" encoding="UTF-8"?>
<testsuite xmlns:xsi="http://www.w3.org/2001/XMLSchema-instance" xsi:noNamespaceSchemaLocation="https://maven.apache.org/surefire/maven-surefire-plugin/xsd/surefire-test-report-3.0.xsd" version="3.0" name="edu.uob.EntitiesFileTests" time="0.032" tests="3" errors="0" skipped="0" failures="0">
  <properties>
[...]
</properties>
  <testcase name="testSimpleLook" classname="edu.uob.EntitiesFileTests" time="0.025"/>
  <testcase name="testEntityParserCreatesCorrectWorld" classname="edu.uob.EntitiesFileTests" time="0.003"/>
  <testcase name="testBasicEntitiesFileIsReadable" classname="edu.uob.EntitiesFileTests" time="0.002"/>
</testsuite>