<?xml version="1.0" encoding="UTF-8"?>
<testsuite xmlns:xsi="http://www.w3.org/2001/XMLSchema-instance" xsi:noNamespaceSchemaLocation="https://maven.apache.org/surefire/maven-surefire-plugin/xsd/surefire-test-report-3.0.xsd" version="3.0" name="edu.uob.GameEngineTest" time="0.124" tests="14" errors="0" skipped="0" failures="0">
  <properties>
[...]
</properties>
  <testcase name="testGotoCommand" classname="edu.uob.GameEngineTest" time="0.001"/>
  <testcase name="testInventoryCommand" classname="edu.uob.GameEngineTest" time="0.002"/>
  <testcase name="testMultiplePlayersInSameLocation" classname="edu.uob.GameEngineTest" time="0.002"/>
  <testcase name="testAttackDecreasesHealth" classname="edu.uob.GameEngineTest" time="0.002"/>
  <testcase name="testLookCommand" classname="edu.uob.GameEngineTest" time="0.001"/>
  <testcase name="testInitialHealthIsThree" classname="edu.uob.GameEngineTest" time="0"/>
  <testcase name="testAlternativeTriggerWords" classname="edu.uob.GameEngineTest" time="0.001"/>
  <testcase name="testDropCommand" classname="edu.uob.GameEngineTest" time="0.001"/>
  <testcase name="testDrinkPotionIncreasesHealth" classname="edu.uob.GameEngineTest" time="0.001"/>
  <testcase name="testCustomActionWithoutRequiredItems" classname="edu.uob.GameEngineTest" time="0"/>
  <testcase name="testDieWhenHealthZero" classname="edu.uob.GameEngineTest" time="0.001"/>
  <testcase name="testGetCommand" classname="edu.uob.GameEngineTest" time="0.001"/>
  <testcase name="testCustomActionExecution" classname="edu.uob.GameEngineTest" time="0.103">
    <system-out><![CDATA[Debug: Player got axe
Debug: Player moved to forest
Debug - Before chopping, look result: You are at forest now.
A dense, dark forest with tall trees
There is a key here - A rusty old key
There is a tree here - A tall oak tree
Exits: cave, cabin

Debug - Chop command result: You chopped down the tree with your axe!
Debug - After chopping, look result: You are at forest now.
A dense, dark forest with tall trees
There is a key here - A rusty old key
There is a log here - A wooden log
Exits: cave, cabin

]]></system-out>
  </testcase>
  <testcase name="testCommandFormat" classname="edu.uob.GameEngineTest" time="0"/>
</testsuite>